Arguments: 
  C:\Program Files\nodejs\node.exe C:\Program Files (x86)\Yarn\bin\yarn.js install --force

PATH: 
  C:\Program Files\Git\mingw64\bin;C:\Program Files\Git\usr\bin;C:\Users\bogdan adrian\bin;C:\Python38\Scripts;C:\Python38;C:\Python27;C:\Python27\Scripts;C:\windows\system32;C:\windows;C:\windows\System32\Wbem;C:\windows\System32\WindowsPowerShell\v1.0;C:\windows\System32\OpenSSH;C:\Program Files (x86)\NVIDIA Corporation\PhysX\Common;C:\Program Files\Intel\WiFi\bin;C:\Program Files\Common Files\Intel\WirelessCommon;C:\ProgramData\chocolatey\bin;C:\Program Files\Git\cmd;C:\WINDOWS\system32;C:\WINDOWS;C:\WINDOWS\System32\Wbem;C:\WINDOWS\System32\WindowsPowerShell\v1.0;C:\WINDOWS\System32\OpenSSH;C:\Program Files\nodejs;C:\Program Files (x86)\Yarn\bin;C:\Users\bogdan adrian\AppData\Local\Microsoft\WindowsApps;C:\Users\bogdan adrian\AppData\Local\Programs\Microsoft VS Code\bin;C:\Program Files\heroku\bin;C:\Program Files\Git\cmd;C:\Program Files\MongoDB\Server\4.2\bin;C:\Users\bogdan adrian\AppData\Roaming\npm;C:\Users\bogdan adrian\AppData\Local\Google\Cloud SDK\google-cloud-sdk\bin;C:\Users\bogdan adrian\AppData\Local\Yarn\bin

Yarn version: 
  1.22.4

Node version: 
  14.1.0

Platform: 
  win32 x64

Trace: 
  Error: https://registry.yarnpkg.com/@react-native-community%2fmasked-view: Not found
      at Request.params.callback [as _callback] (C:\Program Files (x86)\Yarn\lib\cli.js:66096:18)
      at Request.self.callback (C:\Program Files (x86)\Yarn\lib\cli.js:140748:22)
      at Request.emit (events.js:315:20)
      at Request.<anonymous> (C:\Program Files (x86)\Yarn\lib\cli.js:141720:10)
      at Request.emit (events.js:315:20)
      at IncomingMessage.<anonymous> (C:\Program Files (x86)\Yarn\lib\cli.js:141642:12)
      at Object.onceWrapper (events.js:421:28)
      at IncomingMessage.emit (events.js:327:22)
      at endReadableNT (_stream_readable.js:1223:12)
      at processTicksAndRejections (internal/process/task_queues.js:84:21)

npm manifest: 
  {
    "main": "node_modules/expo/AppEntry.js",
    "scripts": {
      "start": "expo start",
      "android": "expo start --android",
      "ios": "expo start --ios",
      "web": "expo start --web",
      "eject": "expo eject",
      "test": "jest",
      "cypress": "cypress open"
    },
    "dependencies": {
      "@babel/preset-env": "^7.10.4",
      "@babel/runtime": "^7.10.5",
      "@expo/vector-icons": "^10.0.0",
      "@react-native-community/masked-view": "0.1.10",
      "@react-navigation/bottom-tabs": "^5.7.2",
      "@react-navigation/material-bottom-tabs": "^5.2.15",
      "@react-navigation/native": "^5.7.1",
      "@react-navigation/stack": "^5.7.1",
      "@testing-library/react-native": "^7.0.1",
      "@types/jest": "^26.0.8",
      "@types/mocha": "^8.0.0",
      "@types/node": "^14.0.26",
      "@types/yup": "^0.29.3",
      "babel-jest": "^26.1.0",
      "babel-preset-react-native": "5.0.2",
      "expo": "^38.0.0",
      "expo-av": "~8.2.1",
      "expo-status-bar": "^1.0.0",
      "formik": "^2.1.5",
      "jest-transform-stub": "^2.0.0",
      "react": "16.11.0",
      "react-dom": "16.11.0",
      "react-native": "0.62.2",
      "react-native-animatable": "^1.3.3",
      "react-native-gesture-handler": "~1.6.0",
      "react-native-maps": "0.27.1",
      "react-native-paper": "^4.0.1",
      "react-native-reanimated": "~1.9.0",
      "react-native-safe-area-context": "~3.0.7",
      "react-native-screens": "~2.9.0",
      "react-native-svg": "12.1.0",
      "react-native-svg-transformer": "^0.14.3",
      "react-native-swiper-flatlist": "^2.0.4",
      "react-native-unimodules": "~0.10.1",
      "react-native-vector-icons": "^7.0.0",
      "react-native-web": "~0.11.7",
      "react-test-renderer": "^16.13.1",
      "yup": "^0.29.2"
    },
    "devDependencies": {
      "@babel/core": "^7.10.5",
      "@types/react": "~16.9.41",
      "@types/react-dom": "^16.9.8",
      "@types/react-native": "~0.62.13",
      "babel-preset-expo": "^8.2.3",
      "cypress": "^4.11.0",
      "jest": "^26.1.0",
      "ts-jest": "^26.1.4",
      "typescript": "~3.9.5"
    },
    "private": true,
    "jest": {
      "preset": "react-native",
      "transformIgnorePatterns": [
        "node_modules/(?!(jest-)?react-native|react-clone-referenced-element|@react-native-community|expo(nent)?|@expo(nent)?/.*|react-navigation|@react-navigation/.*|@unimodules/.*|unimodules|sentry-expo|native-base|@sentry/.*)"
      ]
    }
  }

yarn manifest: 
  No manifest

Lockfile: 
  No lockfile
